<?xml version="1.0" encoding="UTF-8" ?>
<testsuite errors="1" failures="0" hostname="griffin568-Xubuntu" name="JoueurTest" skipped="0" tests="1" time="0.0" timestamp="2019-06-23T21:04:07">
  <properties>
    <property name="ant.project.invoked-targets" value="test" />
    <property name="java.runtime.name" value="Java(TM) SE Runtime Environment" />
    <property name="reports" value="reports" />
    <property name="sun.boot.library.path" value="/usr/lib/jvm/java-8-oracle/jre/lib/amd64" />
    <property name="java.vm.version" value="25.201-b09" />
    <property name="srcQuori" value="/home/griffin568/Prog/Quoridor/Quoridor/src" />
    <property name="ant.library.dir" value="/usr/share/ant/lib" />
    <property name="ant.version" value="Apache Ant(TM) version 1.10.5 compiled on March 28 2019" />
    <property name="ant.java.version" value="1.8" />
    <property name="java.vm.vendor" value="Oracle Corporation" />
    <property name="java.vendor.url" value="http://java.oracle.com/" />
    <property name="path.separator" value=":" />
    <property name="dist" value="/home/griffin568/Prog/Quoridor/Quoridor/dist" />
    <property name="doc" value="/home/griffin568/Prog/Quoridor/Quoridor/doc" />
    <property name="java.vm.name" value="Java HotSpot(TM) 64-Bit Server VM" />
    <property name="file.encoding.pkg" value="sun.io" />
    <property name="sun.java.launcher" value="SUN_STANDARD" />
    <property name="user.country" value="FR" />
    <property name="sun.os.patch.level" value="unknown" />
    <property name="java.vm.specification.name" value="Java Virtual Machine Specification" />
    <property name="user.dir" value="/home/griffin568/Prog/Quoridor/Quoridor" />
    <property name="java.runtime.version" value="1.8.0_201-b09" />
    <property name="java.awt.graphicsenv" value="sun.awt.X11GraphicsEnvironment" />
    <property name="basedir" value="/home/griffin568/Prog/Quoridor/Quoridor" />
    <property name="java.endorsed.dirs" value="/usr/lib/jvm/java-8-oracle/jre/lib/endorsed" />
    <property name="os.arch" value="amd64" />
    <property name="ant.project.default-target" value="dist" />
    <property name="java.io.tmpdir" value="/tmp" />
    <property name="ant.core.lib" value="/usr/share/ant/lib/ant.jar" />
    <property name="line.separator" value="&#xa;" />
    <property name="ant.file.Quoridor" value="/home/griffin568/Prog/Quoridor/Quoridor/build.xml" />
    <property name="java.vm.specification.vendor" value="Oracle Corporation" />
    <property name="os.name" value="Linux" />
    <property name="ant.home" value="/usr/share/ant" />
    <property name="test.src.dir" value="test" />
    <property name="ant.project.name" value="Quoridor" />
    <property name="sun.jnu.encoding" value="UTF-8" />
    <property name="java.library.path" value="/usr/java/packages/lib/amd64:/usr/lib64:/lib64:/lib:/usr/lib" />
    <property name="java.class.version" value="52.0" />
    <property name="java.specification.name" value="Java Platform API Specification" />
    <property name="sun.management.compiler" value="HotSpot 64-Bit Tiered Compilers" />
    <property name="os.version" value="4.15.0-50-generic" />
    <property name="ant.file" value="/home/griffin568/Prog/Quoridor/Quoridor/build.xml" />
    <property name="user.home" value="/home/griffin568" />
    <property name="user.timezone" value="" />
    <property name="java.awt.printerjob" value="sun.print.PSPrinterJob" />
    <property name="java.specification.version" value="1.8" />
    <property name="file.encoding" value="UTF-8" />
    <property name="java.class.path" value="/home/griffin568/Prog/Quoridor/Quoridor/ws/junit-4.13-beta-3.jar:/home/griffin568/Prog/Quoridor/Quoridor/ws/hamcrest-core-1.3.jar:/home/griffin568/Prog/Quoridor/Quoridor/test:/home/griffin568/Prog/Quoridor/Quoridor/class:/usr/share/java/ant-launcher-1.10.5.jar:/usr/share/ant/lib/ant.jar:/usr/share/ant/lib/ant-junit.jar:/usr/share/ant/lib/ant-junit4.jar" />
    <property name="user.name" value="griffin568" />
    <property name="java.vm.specification.version" value="1.8" />
    <property name="java.home" value="/usr/lib/jvm/java-8-oracle/jre" />
    <property name="sun.java.command" value="org.apache.tools.ant.taskdefs.optional.junit.JUnitTestRunner JoueurTest skipNonTests=false filtertrace=true haltOnError=false haltOnFailure=true formatter=org.apache.tools.ant.taskdefs.optional.junit.SummaryJUnitResultFormatter showoutput=false outputtoformatters=true logfailedtests=true threadid=0 logtestlistenerevents=false formatter=org.apache.tools.ant.taskdefs.optional.junit.XMLJUnitResultFormatter,/home/griffin568/Prog/Quoridor/Quoridor/reports/TEST-JoueurTest.xml crashfile=/home/griffin568/Prog/Quoridor/Quoridor/junitvmwatcher1812533605443934929.properties propsfile=/home/griffin568/Prog/Quoridor/Quoridor/junit5226727691798894861.properties" />
    <property name="sun.arch.data.model" value="64" />
    <property name="java.specification.vendor" value="Oracle Corporation" />
    <property name="user.language" value="fr" />
    <property name="build" value="/home/griffin568/Prog/Quoridor/Quoridor/class" />
    <property name="awt.toolkit" value="sun.awt.X11.XToolkit" />
    <property name="java.vm.info" value="mixed mode" />
    <property name="java.version" value="1.8.0_201" />
    <property name="java.ext.dirs" value="/usr/lib/jvm/java-8-oracle/jre/lib/ext:/usr/java/packages/lib/ext" />
    <property name="sun.boot.class.path" value="/usr/lib/jvm/java-8-oracle/jre/lib/resources.jar:/usr/lib/jvm/java-8-oracle/jre/lib/rt.jar:/usr/lib/jvm/java-8-oracle/jre/lib/sunrsasign.jar:/usr/lib/jvm/java-8-oracle/jre/lib/jsse.jar:/usr/lib/jvm/java-8-oracle/jre/lib/jce.jar:/usr/lib/jvm/java-8-oracle/jre/lib/charsets.jar:/usr/lib/jvm/java-8-oracle/jre/lib/jfr.jar:/usr/lib/jvm/java-8-oracle/jre/classes" />
    <property name="java.vendor" value="Oracle Corporation" />
    <property name="ant.file.type.Quoridor" value="file" />
    <property name="file.separator" value="/" />
    <property name="java.vendor.url.bug" value="http://bugreport.sun.com/bugreport/" />
    <property name="sun.cpu.endian" value="little" />
    <property name="sun.io.unicode.encoding" value="UnicodeLittle" />
    <property name="test.build.dir" value="class/test" />
    <property name="ant.file.type" value="file" />
    <property name="sun.cpu.isalist" value="" />
  </properties>
  <error message="JoueurTest" type="java.lang.ClassNotFoundException">java.lang.ClassNotFoundException: JoueurTest
	at java.net.URLClassLoader.findClass(URLClassLoader.java:382)
	at java.lang.ClassLoader.loadClass(ClassLoader.java:424)
	at sun.misc.Launcher$AppClassLoader.loadClass(Launcher.java:349)
	at java.lang.ClassLoader.loadClass(ClassLoader.java:357)
	at java.lang.Class.forName0(Native Method)
	at java.lang.Class.forName(Class.java:348)
</error>
  <system-out><![CDATA[]]></system-out>
  <system-err><![CDATA[]]></system-err>
</testsuite>
